09/20/2020 02:12:42 AM keyword 0:Oil
09/20/2020 02:12:46 AM keyword 1:Integrated
09/20/2020 02:12:48 AM keyword 2:Coal
09/20/2020 02:12:51 AM keyword 3:Commodity
09/20/2020 02:12:53 AM keyword 4:Diversified
09/20/2020 02:12:55 AM keyword 5:Fertilizers
09/20/2020 02:12:58 AM keyword 6:Industrial
09/20/2020 02:13:01 AM keyword 7:Specialty
09/20/2020 02:13:03 AM keyword 8:Construction
09/20/2020 02:13:06 AM keyword 9:Metal
09/20/2020 02:13:10 AM keyword 10:Paper
09/20/2020 02:13:13 AM keyword 11:Aluminum
09/20/2020 02:13:15 AM keyword 12:Gold
09/20/2020 02:13:19 AM keyword 13:Precious
09/20/2020 02:13:21 AM keyword 14:Silver
09/20/2020 02:13:24 AM keyword 15:Steel
09/20/2020 02:13:27 AM keyword 16:Forest
09/20/2020 02:13:29 AM keyword 17:Aerospace
09/20/2020 02:13:32 AM keyword 18:Building
09/20/2020 02:13:36 AM keyword 19:Electrical
09/20/2020 02:13:38 AM Export done
09/20/2020 02:13:38 AM Time Indicator=56.0606632232666 s
